                :-) GROMACS - gmx bar, 2020-EasyBuild-4.7.1 (-:

                            GROMACS is written by:
     Emile Apol      Rossen Apostolov      Paul Bauer     Herman J.C. Berendsen
    Par Bjelkmar      Christian Blau   Viacheslav Bolnykh     Kevin Boyd    
 Aldert van Buuren   Rudi van Drunen     Anton Feenstra       Alan Gray     
  Gerrit Groenhof     Anca Hamuraru    Vincent Hindriksen  M. Eric Irrgang  
  Aleksei Iupinov   Christoph Junghans     Joe Jordan     Dimitrios Karkoulis
    Peter Kasson        Jiri Kraus      Carsten Kutzner      Per Larsson    
  Justin A. Lemkul    Viveca Lindahl    Magnus Lundborg     Erik Marklund   
    Pascal Merz     Pieter Meulenhoff    Teemu Murtola       Szilard Pall   
    Sander Pronk      Roland Schulz      Michael Shirts    Alexey Shvetsov  
   Alfons Sijbers     Peter Tieleman      Jon Vincent      Teemu Virolainen 
 Christian Wennberg    Maarten Wolf      Artem Zhmurov   
                           and the project leaders:
        Mark Abraham, Berk Hess, Erik Lindahl, and David van der Spoel

Copyright (c) 1991-2000, University of Groningen, The Netherlands.
Copyright (c) 2001-2019, The GROMACS development team at
Uppsala University, Stockholm University and
the Royal Institute of Technology, Sweden.
check out http://www.gromacs.org for more information.

GROMACS is free software; you can redistribute it and/or modify it
under the terms of the GNU Lesser General Public License
as published by the Free Software Foundation; either version 2.1
of the License, or (at your option) any later version.

GROMACS:      gmx bar, version 2020-EasyBuild-4.7.1
Executable:   /scrtp/avon/eb/software/GROMACS/2020-foss-2019b/bin/gmx
Data prefix:  /scrtp/avon/eb/software/GROMACS/2020-foss-2019b
Working dir:  /gpfs/home/rawsys/matgms/SOAP_GAS_TMS/BBBP/mdsim
Command line:
  gmx bar -f working_dir/6/output_files/0/md/main.xvg working_dir/6/output_files/1/md/main.xvg working_dir/6/output_files/10/md/main.xvg working_dir/6/output_files/11/md/main.xvg working_dir/6/output_files/12/md/main.xvg working_dir/6/output_files/13/md/main.xvg working_dir/6/output_files/14/md/main.xvg working_dir/6/output_files/15/md/main.xvg working_dir/6/output_files/16/md/main.xvg working_dir/6/output_files/17/md/main.xvg working_dir/6/output_files/18/md/main.xvg working_dir/6/output_files/19/md/main.xvg working_dir/6/output_files/2/md/main.xvg working_dir/6/output_files/20/md/main.xvg working_dir/6/output_files/21/md/main.xvg working_dir/6/output_files/22/md/main.xvg working_dir/6/output_files/23/md/main.xvg working_dir/6/output_files/24/md/main.xvg working_dir/6/output_files/25/md/main.xvg working_dir/6/output_files/26/md/main.xvg working_dir/6/output_files/27/md/main.xvg working_dir/6/output_files/28/md/main.xvg working_dir/6/output_files/29/md/main.xvg working_dir/6/output_files/3/md/main.xvg working_dir/6/output_files/30/md/main.xvg working_dir/6/output_files/31/md/main.xvg working_dir/6/output_files/4/md/main.xvg working_dir/6/output_files/5/md/main.xvg working_dir/6/output_files/6/md/main.xvg working_dir/6/output_files/7/md/main.xvg working_dir/6/output_files/8/md/main.xvg working_dir/6/output_files/9/md/main.xvg -o working_dir/6/output_files/bar.xvg -oi working_dir/6/output_files/barint.xvg -oh working_dir/6/output_files/barhist.xvg

working_dir/6/output_files/0/md/main.xvg: Ignoring set 'pV (kJ/mol)'.
working_dir/6/output_files/0/md/main.xvg: 0.0 - 8000.0; lambda = (0, 0, 0, 0, 0)
    dH/dl & foreign lambdas:
        dH/dl (mass-lambda) (400001 pts)
        dH/dl (coul-lambda) (400001 pts)
        dH/dl (vdw-lambda) (400001 pts)
        dH/dl (bonded-lambda) (400001 pts)
        dH/dl (restraint-lambda) (400001 pts)
        delta H to (0, 0, 0, 0, 0) (400001 pts)
        delta H to (0, 0, 0.063, 0, 0) (400001 pts)


working_dir/6/output_files/1/md/main.xvg: Ignoring set 'pV (kJ/mol)'.
working_dir/6/output_files/1/md/main.xvg: 0.0 - 8000.0; lambda = (0, 0, 0.063, 0, 0)
    dH/dl & foreign lambdas:
        dH/dl (mass-lambda) (400001 pts)
        dH/dl (coul-lambda) (400001 pts)
        dH/dl (vdw-lambda) (400001 pts)
        dH/dl (bonded-lambda) (400001 pts)
        dH/dl (restraint-lambda) (400001 pts)
        delta H to (0, 0, 0, 0, 0) (400001 pts)
        delta H to (0, 0, 0.063, 0, 0) (400001 pts)
        delta H to (0, 0, 0.125, 0, 0) (400001 pts)


working_dir/6/output_files/10/md/main.xvg: Ignoring set 'pV (kJ/mol)'.
working_dir/6/output_files/10/md/main.xvg: 0.0 - 8000.0; lambda = (0, 0, 0.625, 0, 0)
    dH/dl & foreign lambdas:
        dH/dl (mass-lambda) (400001 pts)
        dH/dl (coul-lambda) (400001 pts)
        dH/dl (vdw-lambda) (400001 pts)
        dH/dl (bonded-lambda) (400001 pts)
        dH/dl (restraint-lambda) (400001 pts)
        delta H to (0, 0, 0.563, 0, 0) (400001 pts)
        delta H to (0, 0, 0.625, 0, 0) (400001 pts)
        delta H to (0, 0, 0.688, 0, 0) (400001 pts)


working_dir/6/output_files/11/md/main.xvg: Ignoring set 'pV (kJ/mol)'.
working_dir/6/output_files/11/md/main.xvg: 0.0 - 8000.0; lambda = (0, 0, 0.688, 0, 0)
    dH/dl & foreign lambdas:
        dH/dl (mass-lambda) (400001 pts)
        dH/dl (coul-lambda) (400001 pts)
        dH/dl (vdw-lambda) (400001 pts)
        dH/dl (bonded-lambda) (400001 pts)
        dH/dl (restraint-lambda) (400001 pts)
        delta H to (0, 0, 0.625, 0, 0) (400001 pts)
        delta H to (0, 0, 0.688, 0, 0) (400001 pts)
        delta H to (0, 0, 0.75, 0, 0) (400001 pts)


working_dir/6/output_files/12/md/main.xvg: Ignoring set 'pV (kJ/mol)'.
working_dir/6/output_files/12/md/main.xvg: 0.0 - 8000.0; lambda = (0, 0, 0.75, 0, 0)
    dH/dl & foreign lambdas:
        dH/dl (mass-lambda) (400001 pts)
        dH/dl (coul-lambda) (400001 pts)
        dH/dl (vdw-lambda) (400001 pts)
        dH/dl (bonded-lambda) (400001 pts)
        dH/dl (restraint-lambda) (400001 pts)
        delta H to (0, 0, 0.688, 0, 0) (400001 pts)
        delta H to (0, 0, 0.75, 0, 0) (400001 pts)
        delta H to (0, 0, 0.813, 0, 0) (400001 pts)


working_dir/6/output_files/13/md/main.xvg: Ignoring set 'pV (kJ/mol)'.
working_dir/6/output_files/13/md/main.xvg: 0.0 - 8000.0; lambda = (0, 0, 0.813, 0, 0)
    dH/dl & foreign lambdas:
        dH/dl (mass-lambda) (400001 pts)
        dH/dl (coul-lambda) (400001 pts)
        dH/dl (vdw-lambda) (400001 pts)
        dH/dl (bonded-lambda) (400001 pts)
        dH/dl (restraint-lambda) (400001 pts)
        delta H to (0, 0, 0.75, 0, 0) (400001 pts)
        delta H to (0, 0, 0.813, 0, 0) (400001 pts)
        delta H to (0, 0, 0.875, 0, 0) (400001 pts)


working_dir/6/output_files/14/md/main.xvg: Ignoring set 'pV (kJ/mol)'.
working_dir/6/output_files/14/md/main.xvg: 0.0 - 8000.0; lambda = (0, 0, 0.875, 0, 0)
    dH/dl & foreign lambdas:
        dH/dl (mass-lambda) (400001 pts)
        dH/dl (coul-lambda) (400001 pts)
        dH/dl (vdw-lambda) (400001 pts)
        dH/dl (bonded-lambda) (400001 pts)
        dH/dl (restraint-lambda) (400001 pts)
        delta H to (0, 0, 0.813, 0, 0) (400001 pts)
        delta H to (0, 0, 0.875, 0, 0) (400001 pts)
        delta H to (0, 0, 0.938, 0, 0) (400001 pts)


working_dir/6/output_files/15/md/main.xvg: Ignoring set 'pV (kJ/mol)'.
working_dir/6/output_files/15/md/main.xvg: 0.0 - 8000.0; lambda = (0, 0, 0.938, 0, 0)
    dH/dl & foreign lambdas:
        dH/dl (mass-lambda) (400001 pts)
        dH/dl (coul-lambda) (400001 pts)
        dH/dl (vdw-lambda) (400001 pts)
        dH/dl (bonded-lambda) (400001 pts)
        dH/dl (restraint-lambda) (400001 pts)
        delta H to (0, 0, 0.875, 0, 0) (400001 pts)
        delta H to (0, 0, 0.938, 0, 0) (400001 pts)
        delta H to (0, 0, 1, 0, 0) (400001 pts)


working_dir/6/output_files/16/md/main.xvg: Ignoring set 'pV (kJ/mol)'.
working_dir/6/output_files/16/md/main.xvg: 0.0 - 8000.0; lambda = (0, 0, 1, 0, 0)
    dH/dl & foreign lambdas:
        dH/dl (mass-lambda) (400001 pts)
        dH/dl (coul-lambda) (400001 pts)
        dH/dl (vdw-lambda) (400001 pts)
        dH/dl (bonded-lambda) (400001 pts)
        dH/dl (restraint-lambda) (400001 pts)
        delta H to (0, 0, 0.938, 0, 0) (400001 pts)
        delta H to (0, 0, 1, 0, 0) (400001 pts)
        delta H to (0, 0.067, 1, 0, 0) (400001 pts)


working_dir/6/output_files/17/md/main.xvg: Ignoring set 'pV (kJ/mol)'.
working_dir/6/output_files/17/md/main.xvg: 0.0 - 8000.0; lambda = (0, 0.067, 1, 0, 0)
    dH/dl & foreign lambdas:
        dH/dl (mass-lambda) (400001 pts)
        dH/dl (coul-lambda) (400001 pts)
        dH/dl (vdw-lambda) (400001 pts)
        dH/dl (bonded-lambda) (400001 pts)
        dH/dl (restraint-lambda) (400001 pts)
        delta H to (0, 0, 1, 0, 0) (400001 pts)
        delta H to (0, 0.067, 1, 0, 0) (400001 pts)
        delta H to (0, 0.133, 1, 0, 0) (400001 pts)


working_dir/6/output_files/18/md/main.xvg: Ignoring set 'pV (kJ/mol)'.
working_dir/6/output_files/18/md/main.xvg: 0.0 - 8000.0; lambda = (0, 0.133, 1, 0, 0)
    dH/dl & foreign lambdas:
        dH/dl (mass-lambda) (400001 pts)
        dH/dl (coul-lambda) (400001 pts)
        dH/dl (vdw-lambda) (400001 pts)
        dH/dl (bonded-lambda) (400001 pts)
        dH/dl (restraint-lambda) (400001 pts)
        delta H to (0, 0.067, 1, 0, 0) (400001 pts)
        delta H to (0, 0.133, 1, 0, 0) (400001 pts)
        delta H to (0, 0.2, 1, 0, 0) (400001 pts)


working_dir/6/output_files/19/md/main.xvg: Ignoring set 'pV (kJ/mol)'.
working_dir/6/output_files/19/md/main.xvg: 0.0 - 8000.0; lambda = (0, 0.2, 1, 0, 0)
    dH/dl & foreign lambdas:
        dH/dl (mass-lambda) (400001 pts)
        dH/dl (coul-lambda) (400001 pts)
        dH/dl (vdw-lambda) (400001 pts)
        dH/dl (bonded-lambda) (400001 pts)
        dH/dl (restraint-lambda) (400001 pts)
        delta H to (0, 0.133, 1, 0, 0) (400001 pts)
        delta H to (0, 0.2, 1, 0, 0) (400001 pts)
        delta H to (0, 0.267, 1, 0, 0) (400001 pts)


working_dir/6/output_files/2/md/main.xvg: Ignoring set 'pV (kJ/mol)'.
working_dir/6/output_files/2/md/main.xvg: 0.0 - 8000.0; lambda = (0, 0, 0.125, 0, 0)
    dH/dl & foreign lambdas:
        dH/dl (mass-lambda) (400001 pts)
        dH/dl (coul-lambda) (400001 pts)
        dH/dl (vdw-lambda) (400001 pts)
        dH/dl (bonded-lambda) (400001 pts)
        dH/dl (restraint-lambda) (400001 pts)
        delta H to (0, 0, 0.063, 0, 0) (400001 pts)
        delta H to (0, 0, 0.125, 0, 0) (400001 pts)
        delta H to (0, 0, 0.188, 0, 0) (400001 pts)


working_dir/6/output_files/20/md/main.xvg: Ignoring set 'pV (kJ/mol)'.
working_dir/6/output_files/20/md/main.xvg: 0.0 - 8000.0; lambda = (0, 0.267, 1, 0, 0)
    dH/dl & foreign lambdas:
        dH/dl (mass-lambda) (400001 pts)
        dH/dl (coul-lambda) (400001 pts)
        dH/dl (vdw-lambda) (400001 pts)
        dH/dl (bonded-lambda) (400001 pts)
        dH/dl (restraint-lambda) (400001 pts)
        delta H to (0, 0.2, 1, 0, 0) (400001 pts)
        delta H to (0, 0.267, 1, 0, 0) (400001 pts)
        delta H to (0, 0.333, 1, 0, 0) (400001 pts)


working_dir/6/output_files/21/md/main.xvg: Ignoring set 'pV (kJ/mol)'.
working_dir/6/output_files/21/md/main.xvg: 0.0 - 8000.0; lambda = (0, 0.333, 1, 0, 0)
    dH/dl & foreign lambdas:
        dH/dl (mass-lambda) (400001 pts)
        dH/dl (coul-lambda) (400001 pts)
        dH/dl (vdw-lambda) (400001 pts)
        dH/dl (bonded-lambda) (400001 pts)
        dH/dl (restraint-lambda) (400001 pts)
        delta H to (0, 0.267, 1, 0, 0) (400001 pts)
        delta H to (0, 0.333, 1, 0, 0) (400001 pts)
        delta H to (0, 0.4, 1, 0, 0) (400001 pts)


working_dir/6/output_files/22/md/main.xvg: Ignoring set 'pV (kJ/mol)'.
working_dir/6/output_files/22/md/main.xvg: 0.0 - 8000.0; lambda = (0, 0.4, 1, 0, 0)
    dH/dl & foreign lambdas:
        dH/dl (mass-lambda) (400001 pts)
        dH/dl (coul-lambda) (400001 pts)
        dH/dl (vdw-lambda) (400001 pts)
        dH/dl (bonded-lambda) (400001 pts)
        dH/dl (restraint-lambda) (400001 pts)
        delta H to (0, 0.333, 1, 0, 0) (400001 pts)
        delta H to (0, 0.4, 1, 0, 0) (400001 pts)
        delta H to (0, 0.467, 1, 0, 0) (400001 pts)


working_dir/6/output_files/23/md/main.xvg: Ignoring set 'pV (kJ/mol)'.
working_dir/6/output_files/23/md/main.xvg: 0.0 - 8000.0; lambda = (0, 0.467, 1, 0, 0)
    dH/dl & foreign lambdas:
        dH/dl (mass-lambda) (400001 pts)
        dH/dl (coul-lambda) (400001 pts)
        dH/dl (vdw-lambda) (400001 pts)
        dH/dl (bonded-lambda) (400001 pts)
        dH/dl (restraint-lambda) (400001 pts)
        delta H to (0, 0.4, 1, 0, 0) (400001 pts)
        delta H to (0, 0.467, 1, 0, 0) (400001 pts)
        delta H to (0, 0.533, 1, 0, 0) (400001 pts)


working_dir/6/output_files/24/md/main.xvg: Ignoring set 'pV (kJ/mol)'.
working_dir/6/output_files/24/md/main.xvg: 0.0 - 8000.0; lambda = (0, 0.533, 1, 0, 0)
    dH/dl & foreign lambdas:
        dH/dl (mass-lambda) (400001 pts)
        dH/dl (coul-lambda) (400001 pts)
        dH/dl (vdw-lambda) (400001 pts)
        dH/dl (bonded-lambda) (400001 pts)
        dH/dl (restraint-lambda) (400001 pts)
        delta H to (0, 0.467, 1, 0, 0) (400001 pts)
        delta H to (0, 0.533, 1, 0, 0) (400001 pts)
        delta H to (0, 0.6, 1, 0, 0) (400001 pts)


working_dir/6/output_files/25/md/main.xvg: Ignoring set 'pV (kJ/mol)'.
working_dir/6/output_files/25/md/main.xvg: 0.0 - 8000.0; lambda = (0, 0.6, 1, 0, 0)
    dH/dl & foreign lambdas:
        dH/dl (mass-lambda) (400001 pts)
        dH/dl (coul-lambda) (400001 pts)
        dH/dl (vdw-lambda) (400001 pts)
        dH/dl (bonded-lambda) (400001 pts)
        dH/dl (restraint-lambda) (400001 pts)
        delta H to (0, 0.533, 1, 0, 0) (400001 pts)
        delta H to (0, 0.6, 1, 0, 0) (400001 pts)
        delta H to (0, 0.667, 1, 0, 0) (400001 pts)


working_dir/6/output_files/26/md/main.xvg: Ignoring set 'pV (kJ/mol)'.
working_dir/6/output_files/26/md/main.xvg: 0.0 - 8000.0; lambda = (0, 0.667, 1, 0, 0)
    dH/dl & foreign lambdas:
        dH/dl (mass-lambda) (400001 pts)
        dH/dl (coul-lambda) (400001 pts)
        dH/dl (vdw-lambda) (400001 pts)
        dH/dl (bonded-lambda) (400001 pts)
        dH/dl (restraint-lambda) (400001 pts)
        delta H to (0, 0.6, 1, 0, 0) (400001 pts)
        delta H to (0, 0.667, 1, 0, 0) (400001 pts)
        delta H to (0, 0.733, 1, 0, 0) (400001 pts)


working_dir/6/output_files/27/md/main.xvg: Ignoring set 'pV (kJ/mol)'.
working_dir/6/output_files/27/md/main.xvg: 0.0 - 8000.0; lambda = (0, 0.733, 1, 0, 0)
    dH/dl & foreign lambdas:
        dH/dl (mass-lambda) (400001 pts)
        dH/dl (coul-lambda) (400001 pts)
        dH/dl (vdw-lambda) (400001 pts)
        dH/dl (bonded-lambda) (400001 pts)
        dH/dl (restraint-lambda) (400001 pts)
        delta H to (0, 0.667, 1, 0, 0) (400001 pts)
        delta H to (0, 0.733, 1, 0, 0) (400001 pts)
        delta H to (0, 0.8, 1, 0, 0) (400001 pts)


working_dir/6/output_files/28/md/main.xvg: Ignoring set 'pV (kJ/mol)'.
working_dir/6/output_files/28/md/main.xvg: 0.0 - 8000.0; lambda = (0, 0.8, 1, 0, 0)
    dH/dl & foreign lambdas:
        dH/dl (mass-lambda) (400001 pts)
        dH/dl (coul-lambda) (400001 pts)
        dH/dl (vdw-lambda) (400001 pts)
        dH/dl (bonded-lambda) (400001 pts)
        dH/dl (restraint-lambda) (400001 pts)
        delta H to (0, 0.733, 1, 0, 0) (400001 pts)
        delta H to (0, 0.8, 1, 0, 0) (400001 pts)
        delta H to (0, 0.867, 1, 0, 0) (400001 pts)


working_dir/6/output_files/29/md/main.xvg: Ignoring set 'pV (kJ/mol)'.
working_dir/6/output_files/29/md/main.xvg: 0.0 - 8000.0; lambda = (0, 0.867, 1, 0, 0)
    dH/dl & foreign lambdas:
        dH/dl (mass-lambda) (400001 pts)
        dH/dl (coul-lambda) (400001 pts)
        dH/dl (vdw-lambda) (400001 pts)
        dH/dl (bonded-lambda) (400001 pts)
        dH/dl (restraint-lambda) (400001 pts)
        delta H to (0, 0.8, 1, 0, 0) (400001 pts)
        delta H to (0, 0.867, 1, 0, 0) (400001 pts)
        delta H to (0, 0.933, 1, 0, 0) (400001 pts)


working_dir/6/output_files/3/md/main.xvg: Ignoring set 'pV (kJ/mol)'.
working_dir/6/output_files/3/md/main.xvg: 0.0 - 8000.0; lambda = (0, 0, 0.188, 0, 0)
    dH/dl & foreign lambdas:
        dH/dl (mass-lambda) (400001 pts)
        dH/dl (coul-lambda) (400001 pts)
        dH/dl (vdw-lambda) (400001 pts)
        dH/dl (bonded-lambda) (400001 pts)
        dH/dl (restraint-lambda) (400001 pts)
        delta H to (0, 0, 0.125, 0, 0) (400001 pts)
        delta H to (0, 0, 0.188, 0, 0) (400001 pts)
        delta H to (0, 0, 0.25, 0, 0) (400001 pts)


working_dir/6/output_files/30/md/main.xvg: Ignoring set 'pV (kJ/mol)'.
working_dir/6/output_files/30/md/main.xvg: 0.0 - 8000.0; lambda = (0, 0.933, 1, 0, 0)
    dH/dl & foreign lambdas:
        dH/dl (mass-lambda) (400001 pts)
        dH/dl (coul-lambda) (400001 pts)
        dH/dl (vdw-lambda) (400001 pts)
        dH/dl (bonded-lambda) (400001 pts)
        dH/dl (restraint-lambda) (400001 pts)
        delta H to (0, 0.867, 1, 0, 0) (400001 pts)
        delta H to (0, 0.933, 1, 0, 0) (400001 pts)
        delta H to (0, 1, 1, 0, 0) (400001 pts)


working_dir/6/output_files/31/md/main.xvg: Ignoring set 'pV (kJ/mol)'.
working_dir/6/output_files/31/md/main.xvg: 0.0 - 8000.0; lambda = (0, 1, 1, 0, 0)
    dH/dl & foreign lambdas:
        dH/dl (mass-lambda) (400001 pts)
        dH/dl (coul-lambda) (400001 pts)
        dH/dl (vdw-lambda) (400001 pts)
        dH/dl (bonded-lambda) (400001 pts)
        dH/dl (restraint-lambda) (400001 pts)
        delta H to (0, 0.933, 1, 0, 0) (400001 pts)
        delta H to (0, 1, 1, 0, 0) (400001 pts)


working_dir/6/output_files/4/md/main.xvg: Ignoring set 'pV (kJ/mol)'.
working_dir/6/output_files/4/md/main.xvg: 0.0 - 8000.0; lambda = (0, 0, 0.25, 0, 0)
    dH/dl & foreign lambdas:
        dH/dl (mass-lambda) (400001 pts)
        dH/dl (coul-lambda) (400001 pts)
        dH/dl (vdw-lambda) (400001 pts)
        dH/dl (bonded-lambda) (400001 pts)
        dH/dl (restraint-lambda) (400001 pts)
        delta H to (0, 0, 0.188, 0, 0) (400001 pts)
        delta H to (0, 0, 0.25, 0, 0) (400001 pts)
        delta H to (0, 0, 0.313, 0, 0) (400001 pts)


working_dir/6/output_files/5/md/main.xvg: Ignoring set 'pV (kJ/mol)'.
working_dir/6/output_files/5/md/main.xvg: 0.0 - 8000.0; lambda = (0, 0, 0.313, 0, 0)
    dH/dl & foreign lambdas:
        dH/dl (mass-lambda) (400001 pts)
        dH/dl (coul-lambda) (400001 pts)
        dH/dl (vdw-lambda) (400001 pts)
        dH/dl (bonded-lambda) (400001 pts)
        dH/dl (restraint-lambda) (400001 pts)
        delta H to (0, 0, 0.25, 0, 0) (400001 pts)
        delta H to (0, 0, 0.313, 0, 0) (400001 pts)
        delta H to (0, 0, 0.375, 0, 0) (400001 pts)


working_dir/6/output_files/6/md/main.xvg: Ignoring set 'pV (kJ/mol)'.
working_dir/6/output_files/6/md/main.xvg: 0.0 - 8000.0; lambda = (0, 0, 0.375, 0, 0)
    dH/dl & foreign lambdas:
        dH/dl (mass-lambda) (400001 pts)
        dH/dl (coul-lambda) (400001 pts)
        dH/dl (vdw-lambda) (400001 pts)
        dH/dl (bonded-lambda) (400001 pts)
        dH/dl (restraint-lambda) (400001 pts)
        delta H to (0, 0, 0.313, 0, 0) (400001 pts)
        delta H to (0, 0, 0.375, 0, 0) (400001 pts)
        delta H to (0, 0, 0.438, 0, 0) (400001 pts)


working_dir/6/output_files/7/md/main.xvg: Ignoring set 'pV (kJ/mol)'.
working_dir/6/output_files/7/md/main.xvg: 0.0 - 8000.0; lambda = (0, 0, 0.438, 0, 0)
    dH/dl & foreign lambdas:
        dH/dl (mass-lambda) (400001 pts)
        dH/dl (coul-lambda) (400001 pts)
        dH/dl (vdw-lambda) (400001 pts)
        dH/dl (bonded-lambda) (400001 pts)
        dH/dl (restraint-lambda) (400001 pts)
        delta H to (0, 0, 0.375, 0, 0) (400001 pts)

Back Off! I just backed up working_dir/6/output_files/barhist.xvg to working_dir/6/output_files/#barhist.xvg.1#

Back Off! I just backed up working_dir/6/output_files/bar.xvg to working_dir/6/output_files/#bar.xvg.1#

Back Off! I just backed up working_dir/6/output_files/barint.xvg to working_dir/6/output_files/#barint.xvg.1#
        delta H to (0, 0, 0.438, 0, 0) (400001 pts)
        delta H to (0, 0, 0.5, 0, 0) (400001 pts)


working_dir/6/output_files/8/md/main.xvg: Ignoring set 'pV (kJ/mol)'.
working_dir/6/output_files/8/md/main.xvg: 0.0 - 8000.0; lambda = (0, 0, 0.5, 0, 0)
    dH/dl & foreign lambdas:
        dH/dl (mass-lambda) (400001 pts)
        dH/dl (coul-lambda) (400001 pts)
        dH/dl (vdw-lambda) (400001 pts)
        dH/dl (bonded-lambda) (400001 pts)
        dH/dl (restraint-lambda) (400001 pts)
        delta H to (0, 0, 0.438, 0, 0) (400001 pts)
        delta H to (0, 0, 0.5, 0, 0) (400001 pts)
        delta H to (0, 0, 0.563, 0, 0) (400001 pts)


working_dir/6/output_files/9/md/main.xvg: Ignoring set 'pV (kJ/mol)'.
working_dir/6/output_files/9/md/main.xvg: 0.0 - 8000.0; lambda = (0, 0, 0.563, 0, 0)
    dH/dl & foreign lambdas:
        dH/dl (mass-lambda) (400001 pts)
        dH/dl (coul-lambda) (400001 pts)
        dH/dl (vdw-lambda) (400001 pts)
        dH/dl (bonded-lambda) (400001 pts)
        dH/dl (restraint-lambda) (400001 pts)
        delta H to (0, 0, 0.5, 0, 0) (400001 pts)
        delta H to (0, 0, 0.563, 0, 0) (400001 pts)
        delta H to (0, 0, 0.625, 0, 0) (400001 pts)



Writing histogram to working_dir/6/output_files/barhist.xvg

Temperature: 300 K

Detailed results in kT (see help for explanation):

 lam_A  lam_B      DG   +/-     s_A   +/-     s_B   +/-   stdev   +/- 
     0      1    2.15  0.03    0.54  0.02    0.53  0.02    1.04  0.01
     1      2    6.80  0.02    1.14  0.02    1.23  0.02    1.62  0.01
     2      3    9.83  0.04    3.44  0.03    3.80  0.04    3.40  0.03
     3      4    6.01  0.07    6.93  0.08    4.93  0.08    5.43  0.11
     4      5    1.67  0.05    3.91  0.05    2.50  0.03    2.91  0.02
     5      6    0.02  0.01    2.47  0.05    1.81  0.03    2.27  0.02
     6      7   -1.14  0.04    2.11  0.05    1.53  0.03    2.04  0.02
     7      8   -1.85  0.05    1.49  0.03    1.09  0.02    1.67  0.01
     8      9   -2.20  0.03    1.32  0.06    1.00  0.04    1.56  0.03
     9     10   -2.38  0.02    1.14  0.03    0.89  0.03    1.45  0.01
    10     11   -2.60  0.04    1.09  0.02    0.84  0.02    1.42  0.01
    11     12   -2.66  0.02    0.96  0.02    0.74  0.02    1.33  0.01
    12     13   -2.76  0.00    0.98  0.01    0.77  0.01    1.34  0.00
    13     14   -2.79  0.00    0.89  0.01    0.71  0.00    1.28  0.00
    14     15   -2.88  0.00    0.89  0.01    0.71  0.01    1.27  0.00
    15     16   -2.88  0.02    0.82  0.01    0.67  0.01    1.23  0.00
    16     17  -11.94  0.04    0.77  0.10    0.76  0.11    1.27  0.06
    17     18  -13.13  0.08    0.62  0.05    0.63  0.05    1.17  0.02
    18     19  -14.79  0.08    0.83  0.04    0.82  0.04    1.28  0.02
    19     20  -16.30  0.11    0.69  0.05    0.64  0.04    1.16  0.01
    20     21  -17.26  0.06    0.57  0.09    0.54  0.08    1.02  0.04
    21     22  -18.47  0.04    0.40  0.06    0.40  0.06    0.94  0.02
    22     23  -19.48  0.09    0.62  0.11    0.64  0.11    1.06  0.06
    23     24  -20.13  0.10    0.31  0.08    0.31  0.09    0.96  0.01
    24     25  -21.72  0.02    0.96  0.02    0.98  0.02    1.26  0.01
    25     26  -22.79  0.09    0.09  0.09    0.11  0.09    0.97  0.02
    26     27  -23.19  0.20    0.63  0.10    0.67  0.11    1.16  0.06
    27     28  -25.17  0.17    0.94  0.12    0.94  0.12    1.34  0.07
    28     29  -26.79  0.05    0.68  0.06    0.69  0.05    1.20  0.03
    29     30  -27.70  0.08    0.63  0.09    0.65  0.09    1.19  0.03
    30     31  -29.26  0.11    0.47  0.10    0.49  0.10    1.17  0.03


Final results in kJ/mol:

point      0 -      1,   DG  5.35 +/-  0.06
point      1 -      2,   DG 16.96 +/-  0.05
point      2 -      3,   DG 24.51 +/-  0.10
point      3 -      4,   DG 14.99 +/-  0.18
point      4 -      5,   DG  4.16 +/-  0.12
point      5 -      6,   DG  0.06 +/-  0.03
point      6 -      7,   DG -2.84 +/-  0.09
point      7 -      8,   DG -4.61 +/-  0.13
point      8 -      9,   DG -5.48 +/-  0.09
point      9 -     10,   DG -5.93 +/-  0.06
point     10 -     11,   DG -6.47 +/-  0.09
point     11 -     12,   DG -6.64 +/-  0.04

GROMACS reminds you: "I Don't Want to Calm Down" (Throwing Muses)

point     12 -     13,   DG -6.89 +/-  0.01
point     13 -     14,   DG -6.95 +/-  0.01
point     14 -     15,   DG -7.19 +/-  0.01
point     15 -     16,   DG -7.19 +/-  0.05
point     16 -     17,   DG -29.78 +/-  0.11
point     17 -     18,   DG -32.74 +/-  0.19
point     18 -     19,   DG -36.90 +/-  0.20
point     19 -     20,   DG -40.67 +/-  0.26
point     20 -     21,   DG -43.06 +/-  0.15
point     21 -     22,   DG -46.07 +/-  0.11
point     22 -     23,   DG -48.60 +/-  0.24
point     23 -     24,   DG -50.22 +/-  0.26
point     24 -     25,   DG -54.17 +/-  0.05
point     25 -     26,   DG -56.84 +/-  0.22
point     26 -     27,   DG -57.84 +/-  0.50
point     27 -     28,   DG -62.77 +/-  0.43
point     28 -     29,   DG -66.83 +/-  0.13
point     29 -     30,   DG -69.09 +/-  0.20
point     30 -     31,   DG -72.98 +/-  0.27

total      0 -     31,   DG -762.73 +/-  2.58

